[2025-03-08 15:40:31] [Log] CA Bundle: Certificate saved successfully!
[2025-03-08 15:40:31] [Log] AddExclusions: C:\Users\ToLM\Downloads\AutoTCN_Installer.exe
[2025-03-08 15:40:32] [Log] AddExclusions: C:\Users\ToLM\Desktop\AutoTCN_Installer.exe
[2025-03-08 15:40:32] [Log] AddExclusions: C:\CuuAmChanKinh2
[2025-03-08 15:40:35] [Log] AddExclusions: Add path successfully!
[2025-03-08 15:40:35] [Log] AddExclusions: Add path successfully!
[2025-03-08 15:40:35] [Log] md5: a08df243cba4d3c1d9d43650c07d1c4f
[2025-03-08 15:40:38] [Log] Download: Start download...
[2025-03-08 15:40:38] [Log] Game home: http://cuuam.gosu.vn
[2025-03-08 15:40:38] [Log] Local version: 0.0.1.397
[2025-03-08 15:40:38] [Log] Server version: 0.0.1.397
[2025-03-08 15:40:38] [Log] Download: https://storage.autotcn.com/releases/AutoTCN_1.2.59_GOSU_x64.zip
[2025-03-08 15:40:39] [Log] Download: ./updater/AutoTCN_1.2.59_GOSU_x64.zip
[2025-03-08 15:40:39] [Log] Unzipping: bin64/tcncore.dll
[2025-03-08 15:40:39] [Log] Unzipping: res/autotcn/battle/data.ini
[2025-03-08 15:40:39] [Log] Unzipping: res/autotcn/data/colect/collect.ini
[2025-03-08 15:40:39] [Log] Unzipping: res/autotcn/data/escort/escort1.ini
[2025-03-08 15:40:39] [Log] Unzipping: res/autotcn/data/escort/escort10.ini
[2025-03-08 15:40:39] [Log] Unzipping: res/autotcn/data/escort/escort11.ini
[2025-03-08 15:40:39] [Log] Unzipping: res/autotcn/data/escort/escort12.ini
[2025-03-08 15:40:39] [Log] Unzipping: res/autotcn/data/escort/escort13.ini
[2025-03-08 15:40:39] [Log] Unzipping: res/autotcn/data/escort/escort14.ini
[2025-03-08 15:40:39] [Log] Unzipping: res/autotcn/data/escort/escort15.ini
[2025-03-08 15:40:39] [Log] Unzipping: res/autotcn/data/escort/escort2.ini
[2025-03-08 15:40:39] [Log] Unzipping: res/autotcn/data/escort/escort3.ini
[2025-03-08 15:40:39] [Log] Unzipping: res/autotcn/data/escort/escort4.ini
[2025-03-08 15:40:39] [Log] Unzipping: res/autotcn/data/escort/escort5.ini
[2025-03-08 15:40:39] [Log] Unzipping: res/autotcn/data/escort/escort6.ini
[2025-03-08 15:40:39] [Log] Unzipping: res/autotcn/data/escort/escort7.ini
[2025-03-08 15:40:39] [Log] Unzipping: res/autotcn/data/escort/escort8.ini
[2025-03-08 15:40:39] [Log] Unzipping: res/autotcn/data/escort/escort9.ini
[2025-03-08 15:40:39] [Log] Unzipping: res/autotcn/data/escort/EscortInfo.ini
[2025-03-08 15:40:39] [Log] Unzipping: res/autotcn/data/school.ini
[2025-03-08 15:40:39] [Log] Unzipping: res/autotcn/def/data.ini
[2025-03-08 15:40:39] [Log] Unzipping: res/autotcn/item/add_faculty.ini
[2025-03-08 15:40:39] [Log] Unzipping: res/autotcn/lib/json.lua
[2025-03-08 15:40:39] [Log] Unzipping: res/autotcn/map/homepoint.ini
[2025-03-08 15:40:39] [Log] Unzipping: res/autotcn/map/maplist.ini
[2025-03-08 15:40:39] [Log] Unzipping: res/autotcn/map/newschool.ini
[2025-03-08 15:40:39] [Log] Unzipping: res/autotcn/map/tele.ini
[2025-03-08 15:40:40] [Log] Unzipping: res/autotcn/map_path/path_finding.ini
[2025-03-08 15:40:40] [Log] Unzipping: res/autotcn/map_path.package
[2025-03-08 15:40:40] [Log] Unzipping: res/autotcn/notify/data.ini
[2025-03-08 15:40:40] [Log] Unzipping: res/autotcn/pickitem/item.ini
[2025-03-08 15:40:40] [Log] Unzipping: res/autotcn/pickitem/item_cd.ini
[2025-03-08 15:40:40] [Log] Unzipping: res/autotcn/pickitem/open_box_cd.ini
[2025-03-08 15:40:40] [Log] Unzipping: res/autotcn/qiyu/qiyu_npc_default.ini
[2025-03-08 15:40:40] [Log] Unzipping: res/autotcn/share/life/handwritinggame.ini
[2025-03-08 15:40:40] [Log] Unzipping: res/autotcn/share/life/qingame.ini
[2025-03-08 15:40:40] [Log] Unzipping: res/autotcn/spy/home_point.ini
[2025-03-08 15:40:40] [Log] Unzipping: res/autotcn/spy/school_info.ini
[2025-03-08 15:40:40] [Log] Unzipping: res/autotcn/spy/task_info.ini
[2025-03-08 15:40:40] [Log] Unzipping: res/autotcn/tcn.package
[2025-03-08 15:40:40] [Log] Unzipping: res/autotcn/tcn_speed.ini
[2025-03-08 15:40:40] [Log] Unzipping: res/autotcn/temp/clean.ini
[2025-03-08 15:40:40] [Log] Unzipping: res/autotcn/text/en/ai.idres
[2025-03-08 15:40:40] [Log] Unzipping: res/autotcn/text/en/cam_dia.idres
[2025-03-08 15:40:40] [Log] Unzipping: res/autotcn/text/en/interface.idres
[2025-03-08 15:40:40] [Log] Unzipping: res/autotcn/text/en/random_chat.ini
[2025-03-08 15:40:40] [Log] Unzipping: res/autotcn/text/en/scripts_guide.ini
[2025-03-08 15:40:40] [Log] Unzipping: res/autotcn/text/en/server_msg.idres
[2025-03-08 15:40:40] [Log] Unzipping: res/autotcn/text/en/textfiles.ini
[2025-03-08 15:40:40] [Log] Unzipping: res/autotcn/text/en/tools.idres
[2025-03-08 15:40:40] [Log] Unzipping: res/autotcn/text/ru/ai.idres
[2025-03-08 15:40:40] [Log] Unzipping: res/autotcn/text/ru/cam_dia.idres
[2025-03-08 15:40:40] [Log] Unzipping: res/autotcn/text/ru/interface.idres
[2025-03-08 15:40:40] [Log] Unzipping: res/autotcn/text/ru/random_chat.ini
[2025-03-08 15:40:40] [Log] Unzipping: res/autotcn/text/ru/scripts_guide.ini
[2025-03-08 15:40:40] [Log] Unzipping: res/autotcn/text/ru/server_msg.idres
[2025-03-08 15:40:40] [Log] Unzipping: res/autotcn/text/ru/textfiles.ini
[2025-03-08 15:40:40] [Log] Unzipping: res/autotcn/text/ru/tools.idres
[2025-03-08 15:40:40] [Log] Unzipping: res/autotcn/text/th/ai.idres
[2025-03-08 15:40:40] [Log] Unzipping: res/autotcn/text/th/cam_dia.idres
[2025-03-08 15:40:40] [Log] Unzipping: res/autotcn/text/th/interface.idres
[2025-03-08 15:40:40] [Log] Unzipping: res/autotcn/text/th/random_chat.ini
[2025-03-08 15:40:40] [Log] Unzipping: res/autotcn/text/th/scripts_guide.ini
[2025-03-08 15:40:40] [Log] Unzipping: res/autotcn/text/th/server_msg.idres
[2025-03-08 15:40:40] [Log] Unzipping: res/autotcn/text/th/textfiles.ini
[2025-03-08 15:40:40] [Log] Unzipping: res/autotcn/text/th/tools.idres
[2025-03-08 15:40:40] [Log] Unzipping: res/autotcn/text/vi/ai.idres
[2025-03-08 15:40:40] [Log] Unzipping: res/autotcn/text/vi/cam_dia.idres
[2025-03-08 15:40:40] [Log] Unzipping: res/autotcn/text/vi/interface.idres
[2025-03-08 15:40:40] [Log] Unzipping: res/autotcn/text/vi/random_chat.ini
[2025-03-08 15:40:40] [Log] Unzipping: res/autotcn/text/vi/scripts_guide.ini
[2025-03-08 15:40:40] [Log] Unzipping: res/autotcn/text/vi/server_msg.idres
[2025-03-08 15:40:40] [Log] Unzipping: res/autotcn/text/vi/textfiles.ini
[2025-03-08 15:40:40] [Log] Unzipping: res/autotcn/text/vi/tools.idres
[2025-03-08 15:40:40] [Log] Unzipping: res/autotcn/text/zh/ai.idres
[2025-03-08 15:40:40] [Log] Unzipping: res/autotcn/text/zh/cam_dia.idres
[2025-03-08 15:40:40] [Log] Unzipping: res/autotcn/text/zh/interface.idres
[2025-03-08 15:40:40] [Log] Unzipping: res/autotcn/text/zh/random_chat.ini
[2025-03-08 15:40:40] [Log] Unzipping: res/autotcn/text/zh/scripts_guide.ini
[2025-03-08 15:40:40] [Log] Unzipping: res/autotcn/text/zh/server_msg.idres
[2025-03-08 15:40:40] [Log] Unzipping: res/autotcn/text/zh/textfiles.ini
[2025-03-08 15:40:40] [Log] Unzipping: res/autotcn/text/zh/tools.idres
[2025-03-08 15:40:40] [Log] Unzipping: res/autotcn/thunghiep/data.ini
[2025-03-08 15:40:40] [Log] Unzipping: res/autotcn/thunghiep/ThuNghiep.ini
[2025-03-08 15:40:40] [Log] Unzipping: res/autotcn/tiguan/auto_def.ini
[2025-03-08 15:40:40] [Log] Unzipping: res/autotcn/tiguan/boss.ini
[2025-03-08 15:40:40] [Log] Unzipping: res/autotcn/tiguan/form_auto_thth_set.ini
[2025-03-08 15:40:40] [Log] Unzipping: res/autotcn/tiguan/form_thth.ini
[2025-03-08 15:40:40] [Log] Unzipping: res/autotcn/tiguan/jump.ini
[2025-03-08 15:40:40] [Log] Unzipping: res/autotcn/tiguan/TG.ini
[2025-03-08 15:40:40] [Log] Unzipping: res/autotcn/tools/bottom_functions.ini
[2025-03-08 15:40:40] [Log] Unzipping: res/autotcn/tools/top_functions.ini
[2025-03-08 15:40:40] [Log] Unzipping: res/lua64.package
[2025-03-08 15:40:40] [Log] Unzipping: res/skin/auto/form_qiyu_set.xml
[2025-03-08 15:40:40] [Log] Unzipping: res/skin/autotcn/coc/form_carry_sacks_setting.xml
[2025-03-08 15:40:40] [Log] Unzipping: res/skin/autotcn/coc/form_coc_blink_in_map.xml
[2025-03-08 15:40:40] [Log] Unzipping: res/skin/autotcn/coc/form_coc_choose_map.xml
[2025-03-08 15:40:40] [Log] Unzipping: res/skin/autotcn/coc/form_coc_comback_setting.xml
[2025-03-08 15:40:40] [Log] Unzipping: res/skin/autotcn/coc/form_coc_setting.xml
[2025-03-08 15:40:40] [Log] Unzipping: res/skin/autotcn/coc/form_coc_statistical.xml
[2025-03-08 15:40:40] [Log] Unzipping: res/skin/autotcn/coc/form_merchants_set.xml
[2025-03-08 15:40:40] [Log] Unzipping: res/skin/autotcn/coc/form_merchants_view.xml
[2025-03-08 15:40:40] [Log] Unzipping: res/skin/autotcn/debug/form_debug.xml
[2025-03-08 15:40:40] [Log] Unzipping: res/skin/autotcn/debug/form_path_finding_set.xml
[2025-03-08 15:40:40] [Log] Unzipping: res/skin/autotcn/form_auto_nghe.xml
[2025-03-08 15:40:40] [Log] Unzipping: res/skin/autotcn/form_auto_receive_mail.xml
[2025-03-08 15:40:40] [Log] Unzipping: res/skin/autotcn/form_auto_shop.xml
[2025-03-08 15:40:40] [Log] Unzipping: res/skin/autotcn/form_blink.xml
[2025-03-08 15:40:40] [Log] Unzipping: res/skin/autotcn/form_di_tam.xml
[2025-03-08 15:40:40] [Log] Unzipping: res/skin/autotcn/form_open_gift.xml
[2025-03-08 15:40:40] [Log] Unzipping: res/skin/autotcn/form_thth.xml
[2025-03-08 15:40:40] [Log] Unzipping: res/skin/autotcn/logs/form_log.xml
[2025-03-08 15:40:40] [Log] Unzipping: res/skin/autotcn/logs/form_log_content.xml
[2025-03-08 15:40:40] [Log] Unzipping: res/skin/autotcn/pvp/form_auto_def.xml
[2025-03-08 15:40:40] [Log] Unzipping: res/skin/autotcn/pvp/form_auto_lhq.xml
[2025-03-08 15:40:40] [Log] Unzipping: res/skin/autotcn/pvp/form_auto_swap.xml
[2025-03-08 15:40:40] [Log] Unzipping: res/skin/autotcn/pvp/form_auto_swap_set.xml
[2025-03-08 15:40:40] [Log] Unzipping: res/skin/autotcn/pvp/form_auto_swap_vip.xml
[2025-03-08 15:40:40] [Log] Unzipping: res/skin/autotcn/pvp/form_auto_thbb.xml
[2025-03-08 15:40:40] [Log] Unzipping: res/skin/autotcn/pvp/form_buff_ptc.xml
[2025-03-08 15:40:40] [Log] Unzipping: res/skin/autotcn/pvp/form_buff_ptc_list.xml
[2025-03-08 15:40:40] [Log] Unzipping: res/skin/autotcn/settings/form_confirm.xml
[2025-03-08 15:40:40] [Log] Unzipping: res/skin/autotcn/settings/form_green_confirm.xml
[2025-03-08 15:40:40] [Log] Unzipping: res/skin/autotcn/settings/form_inputbox.xml
[2025-03-08 15:40:40] [Log] Unzipping: res/skin/autotcn/settings/form_notify.xml
[2025-03-08 15:40:40] [Log] Unzipping: res/skin/autotcn/settings/form_shortcuts.xml
[2025-03-08 15:40:40] [Log] Unzipping: res/skin/autotcn/settings/form_success.xml
[2025-03-08 15:40:40] [Log] Unzipping: res/skin/autotcn/thien_the/form_thien_the.xml
[2025-03-08 15:40:40] [Log] Unzipping: res/skin/autotcn/thien_the/form_thien_the_set.xml
[2025-03-08 15:40:40] [Log] Unzipping: res/skin/autotcn/tools/form_activate.xml
[2025-03-08 15:40:40] [Log] Unzipping: res/skin/autotcn/tools/form_auto_tran.xml
[2025-03-08 15:40:40] [Log] Unzipping: res/skin/autotcn/tools/form_chest_password.xml
[2025-03-08 15:40:40] [Log] Unzipping: res/skin/autotcn/tools/form_fixitem_set.xml
[2025-03-08 15:40:40] [Log] Unzipping: res/skin/autotcn/tools/form_guard.xml
[2025-03-08 15:40:40] [Log] Unzipping: res/skin/autotcn/tools/form_guard_set.xml
[2025-03-08 15:40:40] [Log] Unzipping: res/skin/autotcn/tools/form_luyen_tuu.xml
[2025-03-08 15:40:40] [Log] Unzipping: res/skin/autotcn/tools/form_ride_config.xml
[2025-03-08 15:40:40] [Log] Unzipping: res/skin/autotcn/tools/form_tools.xml
[2025-03-08 15:40:40] [Log] Unzipping: res/skin/form_ai_input.xml
[2025-03-08 15:40:40] [Log] Unzipping: res/skin/form_auto_ai.xml
[2025-03-08 15:40:40] [Log] Unzipping: res/skin/form_auto_battle.xml
[2025-03-08 15:40:40] [Log] Unzipping: res/skin/form_auto_chat.xml
[2025-03-08 15:40:40] [Log] Unzipping: res/skin/form_auto_collect.xml
[2025-03-08 15:40:40] [Log] Unzipping: res/skin/form_auto_collect_set.xml
[2025-03-08 15:40:40] [Log] Unzipping: res/skin/form_auto_crop.xml
[2025-03-08 15:40:40] [Log] Unzipping: res/skin/form_auto_del_item.xml
[2025-03-08 15:40:40] [Log] Unzipping: res/skin/form_auto_escort.xml
[2025-03-08 15:40:40] [Log] Unzipping: res/skin/form_auto_event.xml
[2025-03-08 15:40:40] [Log] Unzipping: res/skin/form_auto_fast_mount.xml
[2025-03-08 15:40:40] [Log] Unzipping: res/skin/form_auto_fish.xml
[2025-03-08 15:40:40] [Log] Unzipping: res/skin/form_auto_fish_set.xml
[2025-03-08 15:40:40] [Log] Unzipping: res/skin/form_auto_haibo.xml
[2025-03-08 15:40:40] [Log] Unzipping: res/skin/form_auto_haojie.xml
[2025-03-08 15:40:40] [Log] Unzipping: res/skin/form_auto_haojie_set.xml
[2025-03-08 15:40:40] [Log] Unzipping: res/skin/form_auto_hunter.xml
[2025-03-08 15:40:40] [Log] Unzipping: res/skin/form_auto_item.xml
[2025-03-08 15:40:40] [Log] Unzipping: res/skin/form_auto_item_set.xml
[2025-03-08 15:40:40] [Log] Unzipping: res/skin/form_auto_lam.xml
[2025-03-08 15:40:40] [Log] Unzipping: res/skin/form_auto_loading.xml
[2025-03-08 15:40:40] [Log] Unzipping: res/skin/form_auto_ltt.xml
[2025-03-08 15:40:40] [Log] Unzipping: res/skin/form_auto_luyen_nhom.xml
[2025-03-08 15:40:40] [Log] Unzipping: res/skin/form_auto_modskin.xml
[2025-03-08 15:40:40] [Log] Unzipping: res/skin/form_auto_msg.xml
[2025-03-08 15:40:40] [Log] Unzipping: res/skin/form_auto_ot.xml
[2025-03-08 15:40:40] [Log] Unzipping: res/skin/form_auto_pick.xml
[2025-03-08 15:40:40] [Log] Unzipping: res/skin/form_auto_pvn.xml
[2025-03-08 15:40:40] [Log] Unzipping: res/skin/form_auto_pvn_set.xml
[2025-03-08 15:40:40] [Log] Unzipping: res/skin/form_auto_qin.xml
[2025-03-08 15:40:40] [Log] Unzipping: res/skin/form_auto_qpvv.xml
[2025-03-08 15:40:40] [Log] Unzipping: res/skin/form_auto_skill.xml
[2025-03-08 15:40:40] [Log] Unzipping: res/skin/form_auto_skill_set.xml
[2025-03-08 15:40:40] [Log] Unzipping: res/skin/form_auto_tam_ma.xml
[2025-03-08 15:40:40] [Log] Unzipping: res/skin/form_auto_task.xml
[2025-03-08 15:40:40] [Log] Unzipping: res/skin/form_auto_tele.xml
[2025-03-08 15:40:40] [Log] Unzipping: res/skin/form_auto_thth_set.xml
[2025-03-08 15:40:40] [Log] Unzipping: res/skin/form_auto_tiguan.xml
[2025-03-08 15:40:40] [Log] Unzipping: res/skin/form_auto_tiguan_getprize.xml
[2025-03-08 15:40:40] [Log] Unzipping: res/skin/form_auto_tiguan_set.xml
[2025-03-08 15:40:40] [Log] Unzipping: res/skin/form_auto_train.xml
[2025-03-08 15:40:40] [Log] Unzipping: res/skin/form_auto_train_set.xml
[2025-03-08 15:40:40] [Log] Unzipping: res/skin/form_auto_tuan_tra.xml
[2025-03-08 15:40:40] [Log] Unzipping: res/skin/form_choice_buff.xml
[2025-03-08 15:40:40] [Log] Unzipping: res/skin/form_cmd.xml
[2025-03-08 15:40:40] [Log] Unzipping: res/skin/form_combobox.xml
[2025-03-08 15:40:40] [Log] Unzipping: res/skin/form_follow_offline.xml
[2025-03-08 15:40:40] [Log] Unzipping: res/skin/form_grow_flower.xml
[2025-03-08 15:40:40] [Log] Unzipping: res/skin/form_tcn_downloader.xml
[2025-03-08 15:40:40] [Log] Unzipping: res/skin/form_tcn_upgrade.xml
[2025-03-08 15:40:40] [Log] Unzipping: res/skin/form_tcn_uploader.xml
[2025-03-08 15:40:40] [Log] Unzipping: res/skin/form_thu_nghiep_set.xml
[2025-03-08 15:40:40] [Log] Unzipping: res/skin/form_use_faculty_item.xml
[2025-03-08 15:40:40] [Log] Unzipping: res/skin/tcn_autologin/form_auto_login.xml
[2025-03-08 15:40:40] [Log] Unzipping: res/skin/tcn_autologin/form_auto_login_set.xml
[2025-03-08 15:40:40] [Log] Unzipping: res/skin/tcn_autologin/form_doi_nc_set.xml
[2025-03-08 15:40:40] [Log] Unzipping: res/skin/tcn_autologin/form_luyen_chi_bao_set.xml
[2025-03-08 15:40:40] [Log] Unzipping: res/skin/tcn_autologin/form_luyen_cong_set.xml
[2025-03-08 15:40:40] [Log] Unzipping: res/skin/tcn_autologin/form_offline_set_free_set.xml
[2025-03-08 15:40:40] [Log] Unzipping: res/skin/tcn_autologin/form_sinh_tu_phu.xml
[2025-03-08 15:40:40] [Log] Unzipping: res/skin/tcn_autologin/form_sinh_tu_phu_set.xml
[2025-03-08 15:40:40] [Log] Unzipping: res/skin/tcn_cd/form_cd_main.xml
[2025-03-08 15:40:41] [Log] Unzipping: res/skin/tcn_cd/form_nhan_mon_quan_3.xml
[2025-03-08 15:40:41] [Log] Unzipping: res/skin/tcn_exchange/form_exchange_dong_xu.xml
[2025-03-08 15:40:41] [Log] Unzipping: res/skin/tcn_find/form_find_player.xml
[2025-03-08 15:40:41] [Log] Unzipping: res/skin/tcn_task/form_farm_ninja_skill.xml
[2025-03-08 15:40:41] [Log] Unzipping: res/skin/tcn_task/form_quest_chain.xml
[2025-03-08 15:40:41] [Log] Unzipping: res/skin/tcn_task/form_task_accept_and_reward.xml
[2025-03-08 15:40:41] [Log] Unzipping: res/skin/tcn_task/form_task_accept_set.xml
[2025-03-08 15:40:41] [Log] Unzipping: res/skin/tcn_task/form_task_nc5.xml
[2025-03-08 15:40:41] [Log] Unzipping: res/skin/tcn_task/form_task_nc6.xml
[2025-03-08 15:40:41] [Log] Unzipping: res/skin/tcn_task/form_task_new.xml
[2025-03-08 15:40:41] [Log] Unzipping: res/skin/tcn_task/form_task_nhtc.xml
[2025-03-08 15:40:41] [Log] Unzipping: res/skin/tcn_task/form_task_round.xml
[2025-03-08 15:40:41] [Log] Unzipping: res/skin/tcn_vdt/form_auto_doc_da_hanh.xml
[2025-03-08 15:40:41] [Log] Unzipping: res/skin/tcn_vdt/form_auto_mong_canh.xml
[2025-03-08 15:40:41] [Log] Unzipping: updater/updater_cfg/version.ini
[2025-03-08 15:40:41] [Log] Unzipping: updater/updater_lua.package
[2025-03-08 15:40:43] [Log] PROCESS: DETACH
